ISim log file
Running: E:\Bachlor_Project\Verilog DTW Full Implementation 4\DTWmain\TestBench_DTW_Full_isim_beh.exe -intstyle ise -gui -tclbatch isim.cmd -wdb E:/Bachlor_Project/Verilog DTW Full Implementation 4/DTWmain/TestBench_DTW_Full_isim_beh.wdb 
ISim P.20131013 (signature 0x7708f090)
This is a Full version of ISim.
Time resolution is 1 ps
# onerror resume
# wave add /
# run 1000 ns
Simulator is doing circuit initialization process.
Block Memory Generator CORE Generator module TestBench_DTW_Full.uut.DTW_Matrix_Memory.inst.\native_mem_module.blk_mem_gen_v7_3_inst  is using a behavioral model for simulation which will not precisely model memory collision behavior.
Block Memory Generator CORE Generator module TestBench_DTW_Full.uut.Test_Memory.inst.\native_mem_module.blk_mem_gen_v7_3_inst  is using a behavioral model for simulation which will not precisely model memory collision behavior.
Block Memory Generator CORE Generator module TestBench_DTW_Full.uut.Sample_Memory.inst.\native_mem_module.blk_mem_gen_v7_3_inst  is using a behavioral model for simulation which will not precisely model memory collision behavior.
Finished circuit initialization process.
# restart
# run 1.00us
Simulator is doing circuit initialization process.
Block Memory Generator CORE Generator module TestBench_DTW_Full.uut.DTW_Matrix_Memory.inst.\native_mem_module.blk_mem_gen_v7_3_inst  is using a behavioral model for simulation which will not precisely model memory collision behavior.
Block Memory Generator CORE Generator module TestBench_DTW_Full.uut.Test_Memory.inst.\native_mem_module.blk_mem_gen_v7_3_inst  is using a behavioral model for simulation which will not precisely model memory collision behavior.
Block Memory Generator CORE Generator module TestBench_DTW_Full.uut.Sample_Memory.inst.\native_mem_module.blk_mem_gen_v7_3_inst  is using a behavioral model for simulation which will not precisely model memory collision behavior.
Finished circuit initialization process.
# run 1.00us
# run 1.00us
# run 1.00us
# run 1.00us
# run 1.00us
# run 1.00us
# run 1.00us
# run 1.00us
# run 1.00us
# run 1.00us
